Server initialized
Starting server
File uploading: 2024-07-02-10-34-26_IMG_0031.JPG
File uploaded: 2024-07-02-10-34-26_IMG_0031.JPG
File status checked: 2024-07-02-10-34-26_IMG_0031.JPG - Uploaded
File uploading: 2024-07-02-10-34-28_IMG_0031.JPG
File uploaded: 2024-07-02-10-34-28_IMG_0031.JPG
File status checked: 2024-07-02-10-34-28_IMG_0031.JPG - Uploaded
File uploading: 2024-07-02-10-34-30_IMG_0031.JPG
File uploaded: 2024-07-02-10-34-30_IMG_0031.JPG
File status checked: 2024-07-02-10-34-30_IMG_0031.JPG - Uploaded
OCR page accessed
File uploading: 2024-07-02-10-35-16_IMG_0031.JPG
File uploaded: 2024-07-02-10-35-16_IMG_0031.JPG
File status checked: 2024-07-02-10-35-16_IMG_0031.JPG - Uploaded
File converted: 2024-07-02-10-35-16_IMG_0031.JPG
Output path: output/2024-07-02-10-35-16_IMG_0031.md
Preferred output file type setting saved
File status checked: 2024-07-02-10-35-16_IMG_0031.JPG - Converted
File uploading: 2024-07-02-10-35-21_IMG_0031.JPG
File uploaded: 2024-07-02-10-35-21_IMG_0031.JPG
File status checked: 2024-07-02-10-35-21_IMG_0031.JPG - Uploaded
File uploading: 2024-07-02-10-35-23_IMG_0031.JPG
File uploaded: 2024-07-02-10-35-23_IMG_0031.JPG
File status checked: 2024-07-02-10-35-23_IMG_0031.JPG - Uploaded
File already converted: 2024-07-02-10-35-16_IMG_0031.JPG
File status checked: 2024-07-02-10-35-16_IMG_0031.JPG - Converted
File converted: 2024-07-02-10-35-23_IMG_0031.JPG
Output path: output/2024-07-02-10-35-23_IMG_0031.md
Preferred output file type setting saved
File converted: 2024-07-02-10-35-21_IMG_0031.JPG
Output path: output/2024-07-02-10-35-21_IMG_0031.md
Preferred output file type setting saved
File status checked: 2024-07-02-10-35-23_IMG_0031.JPG - Converted
File status checked: 2024-07-02-10-35-21_IMG_0031.JPG - Converted
OCR page accessed
File uploading: 2024-07-02-10-37-41_IMG_0031.JPG
File uploaded: 2024-07-02-10-37-41_IMG_0031.JPG
File status checked: 2024-07-02-10-37-41_IMG_0031.JPG - Uploaded
File uploading: 2024-07-02-10-37-44_IMG_0031.JPG
File uploaded: 2024-07-02-10-37-44_IMG_0031.JPG
File status checked: 2024-07-02-10-37-44_IMG_0031.JPG - Uploaded
File not found: 
File converted: 2024-07-02-10-37-41_IMG_0031.JPG
Output path: output/2024-07-02-10-37-41_IMG_0031.md
Preferred output file type setting saved
File converted: 2024-07-02-10-37-44_IMG_0031.JPG
Output path: output/2024-07-02-10-37-44_IMG_0031.md
Preferred output file type setting saved
File status checked: 2024-07-02-10-37-41_IMG_0031.JPG - Converted
File status checked: 2024-07-02-10-37-44_IMG_0031.JPG - Converted
Download link generated: /ocr/download/2024-07-02-10-37-41_IMG_0031.md
OCR page accessed
File uploading: 2024-07-02-10-40-59_119095654_p0_master1200.jpg
File uploaded: 2024-07-02-10-40-59_119095654_p0_master1200.jpg
File status checked: 2024-07-02-10-40-59_119095654_p0_master1200.jpg - Uploaded
File uploading: 2024-07-02-10-41-01_119095654_p0_master1200.jpg
File uploaded: 2024-07-02-10-41-01_119095654_p0_master1200.jpg
File status checked: 2024-07-02-10-41-01_119095654_p0_master1200.jpg - Uploaded
File converted: 2024-07-02-10-41-01_119095654_p0_master1200.jpg
Output path: output/2024-07-02-10-41-01_119095654_p0_master1200.md
Preferred output file type setting saved
File converted: 2024-07-02-10-40-59_119095654_p0_master1200.jpg
Output path: output/2024-07-02-10-40-59_119095654_p0_master1200.md
Preferred output file type setting saved
File status checked: 2024-07-02-10-41-01_119095654_p0_master1200.jpg - Converted
File status checked: 2024-07-02-10-40-59_119095654_p0_master1200.jpg - Converted
Download link generated: /ocr/download/2024-07-02-10-40-59_119095654_p0_master1200.md
Cache cleaned up
